<?xml version="1.0" encoding="UTF-8"?>
<!-- Generated by org.testng.reporters.JUnitXMLReporter -->
<testsuite ignored="1" hostname="TESTINGPC03" failures="1" tests="2" name="Regression" time="2.554" errors="0" timestamp="2022-09-12T15:51:36 IST">
  <testcase classname="Trinesh.Login" name="login" time="0.31"/>
  <testcase classname="Trinesh.Registration" name="registration" time="0.001">
    <failure type="java.lang.NullPointerException" message="Cannot invoke &amp;quot;org.openqa.selenium.WebDriver.findElement(org.openqa.selenium.By)&amp;quot; because &amp;quot;this.driver&amp;quot; is null">
      <![CDATA[java.lang.NullPointerException: Cannot invoke "org.openqa.selenium.WebDriver.findElement(org.openqa.selenium.By)" because "this.driver" is null
at Trinesh.Registration.registration(Registration.java:12)
at java.base/java.util.ArrayList.forEach(ArrayList.java:1511)
... Removed 27 stack frames]]>
    </failure>
  </testcase> <!-- registration -->
  <testcase classname="Trinesh.Browsers" name="@BeforeTest ChromeBrowser" time="0.0">
    <ignored/>
  </testcase> <!-- @BeforeTest ChromeBrowser -->
</testsuite> <!-- Regression -->
