<?xml version="1.0" encoding="UTF-8"?>
<!-- Generated by org.testng.reporters.JUnitXMLReporter -->
<testsuite ignored="10" hostname="TESTINGPC03" failures="0" tests="2" name="Default test" time="10.938" errors="0" timestamp="2023-03-10T14:36:17 IST">
  <testcase classname="RoutineTest.Login" name="TestValidLogin" time="3.105"/>
  <testcase classname="RoutineTest.Chargesheet" name="TestChargesheet" time="5.475"/>
  <testcase classname="RoutineTest.ScreenshotFailedCases" name="captureScreenMethod" time="0.0">
    <ignored/>
  </testcase> <!-- captureScreenMethod -->
  <testcase classname="RoutineTest.Registration" name="TestRegistration" time="0.0">
    <ignored/>
  </testcase> <!-- TestRegistration -->
  <testcase classname="RoutineTest.Admission" name="TestAdmission" time="0.0">
    <ignored/>
  </testcase> <!-- TestAdmission -->
  <testcase classname="RoutineTest.ScreenshotFailedCases" name="screenShot" time="0.0">
    <ignored/>
  </testcase> <!-- screenShot -->
  <testcase classname="RoutineTest.Appointment" name="TestAppointment" time="0.0">
    <ignored/>
  </testcase> <!-- TestAppointment -->
  <testcase classname="generic.BaseTest" name="@BeforeTest openFirefox" time="0.0">
    <ignored/>
  </testcase> <!-- @BeforeTest openFirefox -->
  <testcase classname="generic.BaseTest" name="@BeforeTest openFirefox" time="0.0">
    <ignored/>
  </testcase> <!-- @BeforeTest openFirefox -->
  <testcase classname="generic.BaseTest" name="@BeforeTest openFirefox" time="0.0">
    <ignored/>
  </testcase> <!-- @BeforeTest openFirefox -->
  <testcase classname="generic.BaseTest" name="@BeforeTest openFirefox" time="0.0">
    <ignored/>
  </testcase> <!-- @BeforeTest openFirefox -->
  <testcase classname="generic.BaseTest" name="@BeforeTest openFirefox" time="0.0">
    <ignored/>
  </testcase> <!-- @BeforeTest openFirefox -->
</testsuite> <!-- Default test -->
